Flutter crash report.
Please report a bug at https://github.com/flutter/flutter/issues.

## command

flutter doctor

## exception

FileSystemException: FileSystemException: writeFrom failed, path = 'C:\Users\nidha\AppData\Roaming\.dart-tool\dart-flutter-telemetry.log' (OS Error: Espace insuffisant sur le disque.
, errno = 112)

```
#0      _RandomAccessFile.writeFromSync (dart:io/file_impl.dart:905:7)
#1      _File.writeAsBytesSync (dart:io/file_impl.dart:646:14)
#2      _File.writeAsStringSync (dart:io/file_impl.dart:668:5)
#3      ForwardingFile.writeAsStringSync (package:file/src/forwarding/forwarding_file.dart:150:16)
#4      LogHandler.save (package:unified_analytics/src/log_handler.dart:296:15)
#5      AnalyticsImpl.send (package:unified_analytics/src/analytics.dart:618:17)
#6      Doctor.diagnose (package:flutter_tools/src/doctor.dart:448:22)
<asynchronous suspension>
#7      DoctorCommand.runCommand (package:flutter_tools/src/commands/doctor.dart:49:26)
<asynchronous suspension>
#8      FlutterCommand.run.<anonymous closure> (package:flutter_tools/src/runner/flutter_command.dart:1394:27)
<asynchronous suspension>
#9      AppContext.run.<anonymous closure> (package:flutter_tools/src/base/context.dart:153:19)
<asynchronous suspension>
#10     CommandRunner.runCommand (package:args/command_runner.dart:212:13)
<asynchronous suspension>
#11     FlutterCommandRunner.runCommand.<anonymous closure> (package:flutter_tools/src/runner/flutter_command_runner.dart:360:9)
<asynchronous suspension>
#12     AppContext.run.<anonymous closure> (package:flutter_tools/src/base/context.dart:153:19)
<asynchronous suspension>
#13     FlutterCommandRunner.runCommand (package:flutter_tools/src/runner/flutter_command_runner.dart:300:5)
<asynchronous suspension>
#14     run.<anonymous closure>.<anonymous closure> (package:flutter_tools/runner.dart:119:9)
<asynchronous suspension>
#15     AppContext.run.<anonymous closure> (package:flutter_tools/src/base/context.dart:153:19)
<asynchronous suspension>
#16     main (package:flutter_tools/executable.dart:94:3)
<asynchronous suspension>
```

## flutter doctor

```
[32m[✓][39m Flutter (Channel beta, 3.21.0-1.0.pre.2, on Microsoft Windows [version 10.0.22631.3296], locale fr-TN)
    [32m•[39m Flutter version 3.21.0-1.0.pre.2 on channel beta at C:\Users\nidha\flutter_windows_3.16.9-stable\flutter
    [32m•[39m Upstream repository https://github.com/flutter/flutter.git
    [32m•[39m Framework revision c398442c35 (12 days ago), 2024-03-12 22:26:24 -0700
    [32m•[39m Engine revision 0d4f78c952
    [32m•[39m Dart version 3.4.0 (build 3.4.0-190.1.beta)
    [32m•[39m DevTools version 2.33.1

[32m[✓][39m Windows Version (Installed version of Windows is version 10 or higher)

[33m[!][39m Android toolchain - develop for Android devices (Android SDK version 34.0.0)
    [32m•[39m Android SDK at C:\Users\nidha\AppData\Local\Android\sdk
    [32m•[39m Platform android-34-ext8, build-tools 34.0.0
    [32m•[39m Java binary at: C:\Program Files\Android\Android Studio\jbr\bin\java
    [32m•[39m Java version OpenJDK Runtime Environment (build 17.0.9+0--11185874)
    [31m✗[39m Android license status unknown.
      Run `flutter doctor --android-licenses` to accept the SDK licenses.
      See https://flutter.dev/docs/get-started/install/windows#android-setup for more details.

[31m[✗][39m Chrome - develop for the web (Cannot find Chrome executable at .\Google\Chrome\Application\chrome.exe)
    [33m![39m Cannot find Chrome. Try setting CHROME_EXECUTABLE to a Chrome executable.

[32m[✓][39m Visual Studio - develop Windows apps (Visual Studio Community 2022 17.9.0)
    [32m•[39m Visual Studio at C:\Program Files\Microsoft Visual Studio\2022\Community
    [32m•[39m Visual Studio Community 2022 version 17.9.34607.119
    [32m•[39m Windows 10 SDK version 10.0.22621.0

[32m[✓][39m Android Studio (version 2023.2)
    [32m•[39m Android Studio at C:\Program Files\Android\Android Studio
    [32m•[39m Flutter plugin can be installed from:
      🔨 https://plugins.jetbrains.com/plugin/9212-flutter
    [32m•[39m Dart plugin can be installed from:
      🔨 https://plugins.jetbrains.com/plugin/6351-dart
    [32m•[39m Java version OpenJDK Runtime Environment (build 17.0.9+0--11185874)

[32m[✓][39m VS Code (version 1.87.2)
    [32m•[39m VS Code at C:\Users\nidha\AppData\Local\Programs\Microsoft VS Code
    [32m•[39m Flutter extension version 3.84.0

[32m[✓][39m Connected device (3 available)
    [32m•[39m sdk gphone x86 (mobile) • emulator-5554 • android-x86    • Android 11 (API 30) (emulator)
    [32m•[39m Windows (desktop)       • windows       • windows-x64    • Microsoft Windows [version 10.0.22631.3296]
    [32m•[39m Edge (web)              • edge          • web-javascript • Microsoft Edge 122.0.2365.92

[32m[✓][39m Network resources
    [32m•[39m All expected network resources are available.

[33m![39m Doctor found issues in 2 categories.
```
