Flutter crash report.
Please report a bug at https://github.com/flutter/flutter/issues.

## command

flutter --no-color run --machine --track-widget-creation --device-id=R9GMA01BM5J --start-paused --dart-define=flutter.inspector.structuredErrors=true lib\main.dart

## exception

FileSystemException: FileSystemException: writeFrom failed, path = 'C:\Users\nidha\AppData\Roaming\.dart-tool\dart-flutter-telemetry.log' (OS Error: Espace insuffisant sur le disque.
, errno = 112)

```
#0      _RandomAccessFile.writeFromSync (dart:io/file_impl.dart:905:7)
#1      _File.writeAsBytesSync (dart:io/file_impl.dart:646:14)
#2      _File.writeAsStringSync (dart:io/file_impl.dart:668:5)
#3      ForwardingFile.writeAsStringSync (package:file/src/forwarding/forwarding_file.dart:150:16)
#4      LogHandler.save (package:unified_analytics/src/log_handler.dart:296:15)
#5      AnalyticsImpl.send (package:unified_analytics/src/analytics.dart:622:17)
#6      FlutterCommand._sendPostUsage (package:flutter_tools/src/runner/flutter_command.dart:1613:15)
#7      FlutterCommand.run.<anonymous closure> (package:flutter_tools/src/runner/flutter_command.dart:1399:13)
<asynchronous suspension>
#8      AppContext.run.<anonymous closure> (package:flutter_tools/src/base/context.dart:153:19)
<asynchronous suspension>
#9      CommandRunner.runCommand (package:args/command_runner.dart:212:13)
<asynchronous suspension>
#10     FlutterCommandRunner.runCommand.<anonymous closure> (package:flutter_tools/src/runner/flutter_command_runner.dart:372:9)
<asynchronous suspension>
#11     AppContext.run.<anonymous closure> (package:flutter_tools/src/base/context.dart:153:19)
<asynchronous suspension>
#12     FlutterCommandRunner.runCommand (package:flutter_tools/src/runner/flutter_command_runner.dart:308:5)
<asynchronous suspension>
#13     run.<anonymous closure>.<anonymous closure> (package:flutter_tools/runner.dart:130:9)
<asynchronous suspension>
#14     AppContext.run.<anonymous closure> (package:flutter_tools/src/base/context.dart:153:19)
<asynchronous suspension>
#15     main (package:flutter_tools/executable.dart:93:3)
<asynchronous suspension>
```

## flutter doctor

```
[✓] Flutter (Channel beta, 3.22.0-0.3.pre, on Microsoft Windows [version 10.0.22631.3593], locale fr-TN)
    • Flutter version 3.22.0-0.3.pre on channel beta at C:\Users\nidha\flutter_windows_3.16.9-stable\flutter
    • Upstream repository https://github.com/flutter/flutter.git
    • Framework revision 87b652410d (5 weeks ago), 2024-04-23 21:41:18 -0500
    • Engine revision b4bfd45986
    • Dart version 3.4.0 (build 3.4.0-282.3.beta)
    • DevTools version 2.34.3

[✓] Windows Version (Installed version of Windows is version 10 or higher)

[!] Android toolchain - develop for Android devices (Android SDK version 34.0.0)
    • Android SDK at C:\Users\nidha\AppData\Local\Android\sdk
    • Platform android-34-ext8, build-tools 34.0.0
    • Java binary at: C:\Program Files\Android\Android Studio\jbr\bin\java
    • Java version OpenJDK Runtime Environment (build 17.0.10+0--11572160)
    ✗ Android license status unknown.
      Run `flutter doctor --android-licenses` to accept the SDK licenses.
      See https://flutter.dev/docs/get-started/install/windows#android-setup for more details.

[✗] Chrome - develop for the web (Cannot find Chrome executable at .\Google\Chrome\Application\chrome.exe)
    ! Cannot find Chrome. Try setting CHROME_EXECUTABLE to a Chrome executable.

[✓] Visual Studio - develop Windows apps (Visual Studio Community 2022 17.9.0)
    • Visual Studio at C:\Program Files\Microsoft Visual Studio\2022\Community
    • Visual Studio Community 2022 version 17.9.34607.119
    • Windows 10 SDK version 10.0.22621.0

[✓] Android Studio (version 2023.3)
    • Android Studio at C:\Program Files\Android\Android Studio
    • Flutter plugin can be installed from:
      🔨 https://plugins.jetbrains.com/plugin/9212-flutter
    • Dart plugin can be installed from:
      🔨 https://plugins.jetbrains.com/plugin/6351-dart
    • Java version OpenJDK Runtime Environment (build 17.0.10+0--11572160)

[✓] VS Code (version 1.89.1)
    • VS Code at C:\Users\nidha\AppData\Local\Programs\Microsoft VS Code
    • Flutter extension version 3.88.0

[✓] Connected device (4 available)
    • SM A207F (mobile)       • R9GMA01BM5J   • android-arm64  • Android 11 (API 30)
    • sdk gphone x86 (mobile) • emulator-5554 • android-x86    • Android 11 (API 30) (emulator)
    • Windows (desktop)       • windows       • windows-x64    • Microsoft Windows [version 10.0.22631.3593]
    • Edge (web)              • edge          • web-javascript • Microsoft Edge 125.0.2535.67

[✓] Network resources
    • All expected network resources are available.

! Doctor found issues in 2 categories.
```
